[Wed Oct 16 17:57:42 2013] install: bbding
[Wed Oct 16 17:58:04 2013] install: cabin
[Wed Oct 16 17:58:04 2013] install: changepage
[Wed Oct 16 17:58:04 2013] install: cmap
[Wed Oct 16 17:58:10 2013] install: ec
[Wed Oct 16 17:58:10 2013] install: etoolbox
[Wed Oct 16 17:58:10 2013] install: fancybox
[Wed Oct 16 17:58:11 2013] install: fancyvrb
[Wed Oct 16 17:58:11 2013] install: fontaxes
[Wed Oct 16 17:58:11 2013] install: framed
[Wed Oct 16 17:58:20 2013] install: helvetic
[Wed Oct 16 17:58:23 2013] install: inconsolata
[Wed Oct 16 17:58:25 2013] install: l3kernel
[Wed Oct 16 17:58:25 2013] install: l3packages
[Wed Oct 16 17:58:25 2013] install: mdframed
[Wed Oct 16 17:58:25 2013] install: mdwtools
[Wed Oct 16 17:58:26 2013] install: microtype
[Wed Oct 16 17:58:26 2013] install: ms
[Wed Oct 16 17:58:26 2013] install: multirow
[Wed Oct 16 17:58:26 2013] install: mweights
[Wed Oct 16 17:58:26 2013] install: needspace
[Wed Oct 16 17:58:27 2013] install: parskip
[Wed Oct 16 17:58:33 2013] install: pgf
[Wed Oct 16 17:58:33 2013] install: threeparttable
[Wed Oct 16 17:58:38 2013] install: times
[Wed Oct 16 17:58:38 2013] install: titlesec
[Wed Oct 16 17:58:38 2013] install: upquote
[Wed Oct 16 17:58:38 2013] install: url
[Wed Oct 16 17:58:39 2013] install: wrapfig
[Wed Oct 16 17:58:39 2013] install: xcolor
[Wed Oct 16 17:58:39 2013] install: xkeyval
