Automated TeX Live installation using profile: ../texlive.localized.profile
Loading http://mirrors.ibiblio.org/pub/mirrors/CTAN/systems/texlive/tlnet/tlpkg/texlive.tlpdb
Installing TeX Live 2013 from: http://mirrors.ibiblio.org/pub/mirrors/CTAN/systems/texlive/tlnet
Platform: x86_64-linux => 'x86_64 with GNU/Linux'
Distribution: net  (downloading)
Using URL: http://mirrors.ibiblio.org/pub/mirrors/CTAN/systems/texlive/tlnet
Directory for temporary files: /tmp
Installer revision: 31659
Database revision: 31914
Settings:
  TEXDIR: "/home/travis/build/spacetelescope/understanding-json-schema/texlive"
  TEXMFCONFIG: "~/.texlive2013/texmf-config"
  TEXMFHOME: "/home/travis/build/spacetelescope/understanding-json-schema/texlive/texmf"
  TEXMFLOCAL: "/home/travis/build/spacetelescope/understanding-json-schema/texlive/texmf-local"
  TEXMFSYSCONFIG: "/home/travis/build/spacetelescope/understanding-json-schema/texlive/texmf-config"
  TEXMFSYSVAR: "/home/travis/build/spacetelescope/understanding-json-schema/texlive/texmf-var"
  TEXMFVAR: "~/.texlive2013/texmf-var"
  binary_alpha-linux: "0"
  binary_amd64-freebsd: "0"
  binary_amd64-kfreebsd: "0"
  binary_amd64-netbsd: "0"
  binary_armel-linux: "0"
  binary_armhf-linux: "0"
  binary_i386-cygwin: "0"
  binary_i386-freebsd: "0"
  binary_i386-kfreebsd: "0"
  binary_i386-linux: "0"
  binary_i386-netbsd: "0"
  binary_i386-solaris: "0"
  binary_mips-irix: "0"
  binary_mipsel-linux: "0"
  binary_powerpc-linux: "0"
  binary_sparc-solaris: "0"
  binary_universal-darwin: "0"
  binary_win32: "0"
  binary_x86_64-darwin: "0"
  binary_x86_64-linux: "1"
  binary_x86_64-solaris: "0"
  collection-basic: "1"
  collection-bibtexextra: "0"
  collection-binextra: "0"
  collection-context: "0"
  collection-fontsextra: "0"
  collection-fontsrecommended: "0"
  collection-fontutils: "0"
  collection-formatsextra: "0"
  collection-games: "0"
  collection-genericextra: "0"
  collection-genericrecommended: "0"
  collection-htmlxml: "0"
  collection-humanities: "0"
  collection-langafrican: "0"
  collection-langarabic: "0"
  collection-langcjk: "0"
  collection-langcyrillic: "0"
  collection-langczechslovak: "0"
  collection-langenglish: "0"
  collection-langeuropean: "0"
  collection-langfrench: "0"
  collection-langgerman: "0"
  collection-langgreek: "0"
  collection-langindic: "0"
  collection-langitalian: "0"
  collection-langother: "0"
  collection-langpolish: "0"
  collection-langportuguese: "0"
  collection-langspanish: "0"
  collection-latex: "1"
  collection-latexextra: "0"
  collection-latexrecommended: "0"
  collection-luatex: "0"
  collection-mathextra: "0"
  collection-metapost: "0"
  collection-music: "0"
  collection-omega: "0"
  collection-pictures: "0"
  collection-plainextra: "0"
  collection-pstricks: "0"
  collection-publishers: "0"
  collection-science: "0"
  collection-texworks: "0"
  collection-wintools: "0"
  collection-xetex: "0"
  doc_splitting_supported: "1"
  in_place: "0"
  inst_platform: "x86_64-linux"
  n_collections_available: "45"
  n_collections_selected: "44"
  n_systems_available: "21"
  n_systems_selected: "1"
  option_adjustrepo: "1"
  option_autobackup: "1"
  option_backupdir: "tlpkg/backups"
  option_desktop_integration: "1"
  option_doc: "0"
  option_file_assocs: "1"
  option_fmt: "0"
  option_letter: "1"
  option_menu_integration: "1"
  option_path: "0"
  option_post_code: "1"
  option_src: "0"
  option_sys_bin: "/usr/local/bin"
  option_sys_info: "/usr/local/share/info"
  option_sys_man: "/usr/local/share/man"
  option_w32_multi_user: "0"
  option_write18_restricted: "1"
  portable: "0"
  selected_scheme: "scheme-basic"
  src_splitting_supported: "1"
  this_platform: "x86_64-linux"
  total_size: "0"
Installing to: /home/travis/build/spacetelescope/understanding-json-schema/texlive
Installing [01/82, time/total: ??:??/??:??]: ae [56k]
Installing [02/82, time/total: 00:01/03:22]: amscls [33k]
Installing [03/82, time/total: 00:01/02:08]: amsfonts [3542k]
Installing [04/82, time/total: 00:57/02:58]: amsmath [29k]
Installing [05/82, time/total: 00:58/03:00]: babel [21k]
Installing [06/82, time/total: 00:58/02:59]: babel-english [3k]
Installing [07/82, time/total: 00:58/02:58]: babelbib [26k]
Installing [08/82, time/total: 00:58/02:57]: bibtex [13k]
Installing [09/82, time/total: 00:58/02:57]: bibtex.x86_64-linux [69k]
Installing [10/82, time/total: 01:00/02:59]: carlisle [12k]
Installing [11/82, time/total: 01:00/02:59]: cm [236k]
Installing [12/82, time/total: 01:04/03:00]: collection-basic [1k]
Installing [13/82, time/total: 01:04/03:00]: collection-latex [1k]
Installing [14/82, time/total: 01:04/03:00]: colortbl [4k]
Installing [15/82, time/total: 01:04/03:00]: dvipdfmx [27k]
Installing [16/82, time/total: 01:04/02:58]: dvipdfmx-def [3k]
Installing [17/82, time/total: 01:05/03:01]: dvipdfmx.x86_64-linux [329k]
Installing [18/82, time/total: 01:11/03:03]: dvips [116k]
Installing [19/82, time/total: 01:13/03:03]: dvips.x86_64-linux [137k]
Installing [20/82, time/total: 01:16/03:05]: enctex [24k]
Installing [21/82, time/total: 01:16/03:04]: etex [12k]
Installing [22/82, time/total: 01:16/03:04]: etex-pkg [5k]
Installing [23/82, time/total: 01:16/03:04]: fancyhdr [9k]
Installing [24/82, time/total: 01:17/03:06]: fix2col [3k]
Installing [25/82, time/total: 01:17/03:06]: geometry [9k]
Installing [26/82, time/total: 01:17/03:05]: glyphlist [25k]
Installing [27/82, time/total: 01:17/03:04]: graphics [13k]
Installing [28/82, time/total: 01:17/03:04]: gsftopk [4k]
Installing [29/82, time/total: 01:17/03:04]: gsftopk.x86_64-linux [38k]
Installing [30/82, time/total: 01:17/03:02]: hyperref [105k]
Installing [31/82, time/total: 01:19/03:03]: hyph-utf8 [999k]
Installing [32/82, time/total: 01:35/03:03]: hyphen-base [22k]
Installing [33/82, time/total: 01:36/03:04]: ifluatex [3k]
Installing [34/82, time/total: 01:36/03:04]: ifxetex [2k]
Installing [35/82, time/total: 01:36/03:04]: kpathsea [30k]
Installing [36/82, time/total: 01:37/03:05]: kpathsea.x86_64-linux [45k]
Installing [37/82, time/total: 01:37/03:04]: latex [146k]
Installing [38/82, time/total: 01:40/03:05]: latex-bin [1k]
Installing [39/82, time/total: 01:40/03:05]: latex-bin.x86_64-linux [1k]
Installing [40/82, time/total: 01:40/03:05]: latex-fonts [18k]
Installing [41/82, time/total: 01:40/03:04]: latexconfig [8k]
Installing [42/82, time/total: 01:40/03:04]: ltxmisc [16k]
Installing [43/82, time/total: 01:40/03:04]: lua-alt-getopt [2k]
Installing [44/82, time/total: 01:41/03:05]: luatex [13k]
Installing [45/82, time/total: 01:41/03:05]: luatex.x86_64-linux [2326k]
Installing [46/82, time/total: 02:18/03:04]: makeindex [3k]
Installing [47/82, time/total: 02:18/03:04]: makeindex.x86_64-linux [46k]
Installing [48/82, time/total: 02:19/03:04]: metafont [36k]
Installing [49/82, time/total: 02:19/03:03]: metafont.x86_64-linux [189k]
Installing [50/82, time/total: 02:22/03:03]: mflogo [21k]
Installing [51/82, time/total: 02:22/03:03]: mfnfss [2k]
Installing [52/82, time/total: 02:23/03:04]: mfware [5k]
Installing [53/82, time/total: 02:23/03:04]: mfware.x86_64-linux [116k]
Installing [54/82, time/total: 02:25/03:04]: misc [42k]
Installing [55/82, time/total: 02:25/03:03]: mptopdf [39k]
Installing [56/82, time/total: 02:26/03:04]: mptopdf.x86_64-linux [1k]
Installing [57/82, time/total: 02:26/03:04]: natbib [17k]
Installing [58/82, time/total: 02:26/03:03]: oberdiek [222k]
Installing [59/82, time/total: 02:30/03:04]: pdftex [112k]
Installing [60/82, time/total: 02:32/03:04]: pdftex-def [14k]
Installing [61/82, time/total: 02:32/03:04]: pdftex.x86_64-linux [629k]
Installing [62/82, time/total: 02:42/03:04]: plain [42k]
Installing [63/82, time/total: 02:42/03:03]: pslatex [6k]
Installing [64/82, time/total: 02:42/03:03]: psnfss [12k]
Installing [65/82, time/total: 02:43/03:04]: pspicture [2k]
Installing [66/82, time/total: 02:43/03:04]: tetex [50k]
Installing [67/82, time/total: 02:43/03:03]: tetex.x86_64-linux [1k]
Installing [68/82, time/total: 02:43/03:03]: tex [1k]
Installing [69/82, time/total: 02:43/03:03]: tex.x86_64-linux [168k]
Installing [70/82, time/total: 02:46/03:03]: texconfig [13k]
Installing [71/82, time/total: 02:46/03:03]: texconfig.x86_64-linux [1k]
Installing [72/82, time/total: 02:46/03:03]: texlive-common [1k]
Installing [73/82, time/total: 02:46/03:03]: texlive-docindex [108k]
Installing [74/82, time/total: 02:48/03:03]: texlive-en [1k]
Installing [75/82, time/total: 02:48/03:03]: texlive-msg-translations [104k]
Installing [76/82, time/total: 02:50/03:03]: texlive-scripts [62k]
Installing [77/82, time/total: 02:50/03:02]: texlive-scripts.x86_64-linux [1k]
Installing [78/82, time/total: 02:50/03:02]: texlive.infra [205k]
Installing [79/82, time/total: 02:54/03:03]: texlive.infra.x86_64-linux [81k]
Installing [80/82, time/total: 02:56/03:04]: tools [37k]
Installing [81/82, time/total: 02:56/03:03]: xdvi [7k]
Installing [82/82, time/total: 02:56/03:03]: xdvi.x86_64-linux [467k]
Time used for installing the packages: 03:04
running mktexlsr /home/travis/build/spacetelescope/understanding-json-schema/texlive/texmf-dist ...
writing fmtutil.cnf to /home/travis/build/spacetelescope/understanding-json-schema/texlive/texmf-var/web2c/fmtutil.cnf
writing updmap.cfg to /home/travis/build/spacetelescope/understanding-json-schema/texlive/texmf-dist/web2c/updmap.cfg
writing language.dat to /home/travis/build/spacetelescope/understanding-json-schema/texlive/texmf-var/tex/generic/config/language.dat
writing language.def to /home/travis/build/spacetelescope/understanding-json-schema/texlive/texmf-var/tex/generic/config/language.def
writing language.dat.lua to /home/travis/build/spacetelescope/understanding-json-schema/texlive/texmf-var/tex/generic/config/language.dat.lua
running mktexlsr /home/travis/build/spacetelescope/understanding-json-schema/texlive/texmf-var /home/travis/build/spacetelescope/understanding-json-schema/texlive/texmf-config /home/travis/build/spacetelescope/understanding-json-schema/texlive/texmf-dist ...
running updmap-sys...updmap is using the following updmap.cfg files (in precedence order):
  /home/travis/build/spacetelescope/understanding-json-schema/texlive/texmf-dist/web2c/updmap.cfg
updmap is using the following updmap.cfg file for writing changes:
  /home/travis/build/spacetelescope/understanding-json-schema/texlive/texmf-config/web2c/updmap.cfg
dvips output dir: "/home/travis/build/spacetelescope/understanding-json-schema/texlive/texmf-var/fonts/map/dvips/updmap"
pdftex output dir: "/home/travis/build/spacetelescope/understanding-json-schema/texlive/texmf-var/fonts/map/pdftex/updmap"
dvipdfmx output dir: "/home/travis/build/spacetelescope/understanding-json-schema/texlive/texmf-var/fonts/map/dvipdfmx/updmap"

updmap is creating new map files
using the following configuration:
  LW35 font names                  : URWkb (/home/travis/build/spacetelescope/understanding-json-schema/texlive/texmf-dist/web2c/updmap.cfg)
  prefer outlines                  : true (/home/travis/build/spacetelescope/understanding-json-schema/texlive/texmf-dist/web2c/updmap.cfg)
  texhash enabled                  : false
  download standard fonts (dvips)  : true (/home/travis/build/spacetelescope/understanding-json-schema/texlive/texmf-dist/web2c/updmap.cfg)
  download standard fonts (pdftex) : true (/home/travis/build/spacetelescope/understanding-json-schema/texlive/texmf-dist/web2c/updmap.cfg)
  kanjiEmbed replacement string    : noEmbed (/home/travis/build/spacetelescope/understanding-json-schema/texlive/texmf-dist/web2c/updmap.cfg)
  kanjiVariant replacement string  :  (default)
  create a mapfile for pxdvi       : false (default)

Scanning for LW35 support files  [  3 files]
Scanning for MixedMap entries    [  7 files]
Scanning for KanjiMap entries    [  0 files]
Scanning for Map entries         [  6 files]

Generating output for dvipdfmx...
Generating output for ps2pk...
Generating output for dvips...
Generating output for pdftex...

Files generated:
  /home/travis/build/spacetelescope/understanding-json-schema/texlive/texmf-var/fonts/map/dvips/updmap:
       15884 2013-10-16 17:57:22 builtin35.map
       21357 2013-10-16 17:57:22 download35.map
       23984 2013-10-16 17:57:22 psfonts_pk.map
       28071 2013-10-16 17:57:22 psfonts_t1.map
       28066 2013-10-16 17:57:22 ps2pk.map
          14 2013-10-16 17:57:22 psfonts.map -> psfonts_t1.map
  /home/travis/build/spacetelescope/understanding-json-schema/texlive/texmf-var/fonts/map/pdftex/updmap:
       28073 2013-10-16 17:57:22 pdftex_dl14.map
       26408 2013-10-16 17:57:22 pdftex_ndl14.map
          15 2013-10-16 17:57:22 pdftex.map -> pdftex_dl14.map
  /home/travis/build/spacetelescope/understanding-json-schema/texlive/texmf-var/fonts/map/dvipdfmx/updmap:
         407 2013-10-16 17:57:22 kanjix.map

Transcript written on "/home/travis/build/spacetelescope/understanding-json-schema/texlive/texmf-var/web2c/updmap.log".
done
setting default paper size to letter
/home/travis/build/spacetelescope/understanding-json-schema/texlive/bin/x86_64-linux/tlmgr: setting paper size for dvipdfmx to letter.
/home/travis/build/spacetelescope/understanding-json-schema/texlive/bin/x86_64-linux/tlmgr: setting paper size for dvips to letter.
/home/travis/build/spacetelescope/understanding-json-schema/texlive/bin/x86_64-linux/tlmgr: setting paper size for pdftex to letter.
/home/travis/build/spacetelescope/understanding-json-schema/texlive/bin/x86_64-linux/tlmgr: setting paper size for xdvi to letter.
re-running mktexlsr /home/travis/build/spacetelescope/understanding-json-schema/texlive/texmf-var /home/travis/build/spacetelescope/understanding-json-schema/texlive/texmf-config...
running package-specific postactions
postaction install script for dvipdfmx: perl /home/travis/build/spacetelescope/understanding-json-schema/texlive/tlpkg/tlpostcode/dvipdfmx.pl
finished with package-specific postactions
